[12Jan2025 00:00:07.274] [Server thread/INFO] [net.minecraft.server.MinecraftServer/]: Jos3enriq was squashed by a falling anvil
[12Jan2025 00:00:29.883] [Server thread/INFO] [net.minecraft.server.MinecraftServer/]: [Not Secure] <Jos3enriq> esta señora pesa como un yunque o que fue >:V
[12Jan2025 00:01:42.235] [Server thread/INFO] [net.minecraft.server.MinecraftServer/]: [Not Secure] <kevin123j2> no hay nada
[12Jan2025 00:01:44.034] [Server thread/INFO] [net.minecraft.server.MinecraftServer/]: [Not Secure] <kevin123j2> vamos a la otra
[12Jan2025 00:01:45.738] [Server thread/INFO] [net.minecraft.server.MinecraftServer/]: [Not Secure] <kevin123j2> cueva
[12Jan2025 00:02:20.502] [Server thread/INFO] [net.minecraft.server.MinecraftServer/]: [Not Secure] <kevin123j2> vamonos
[12Jan2025 00:02:28.649] [Server thread/INFO] [net.minecraft.server.MinecraftServer/]: [Not Secure] <kevin123j2> a la otra cueva
[12Jan2025 00:02:46.550] [Server thread/INFO] [net.minecraft.server.MinecraftServer/]: [Not Secure] <kevin123j2> esperamos al gustavo?
[12Jan2025 00:03:37.870] [Server thread/INFO] [net.minecraft.server.players.PlayerList/]: 789123[/127.18.60.42:53227] logged in with entity id 44940 at (-88.34201963255047, -53.0, 680.0888688407351)
[12Jan2025 00:03:37.885] [Server thread/INFO] [net.minecraft.server.MinecraftServer/]: 789123 joined the game
[12Jan2025 00:03:37.946] [Server thread/INFO] [Jade/]: Syncing config to 789123 (8dee5df8-aa2c-3636-ba39-85e868cf3747)
[12Jan2025 00:03:40.293] [Server thread/INFO] [net.minecraft.server.MinecraftServer/]: [Not Secure] <kevin123j2> vamonos
[12Jan2025 00:03:53.330] [Server thread/INFO] [net.minecraft.server.MinecraftServer/]: [Not Secure] <kevin123j2> jose llevate tus cosas vamos a ir a la tora mina
[12Jan2025 00:05:30.529] [Server thread/INFO] [net.minecraft.server.MinecraftServer/]: [Not Secure] <Jos3enriq> no
[12Jan2025 00:05:38.400] [Server thread/INFO] [net.minecraft.server.MinecraftServer/]: [Not Secure] <Jos3enriq> barabarabara
[12Jan2025 00:06:45.702] [Server thread/INFO] [net.minecraft.server.MinecraftServer/]: [Not Secure] <Jos3enriq> en un cofre pe
[12Jan2025 00:07:31.677] [Server thread/INFO] [net.minecraft.server.MinecraftServer/]: [Not Secure] <Jos3enriq> por aqui abajo
[12Jan2025 00:08:00.151] [Server thread/INFO] [net.minecraft.server.MinecraftServer/]: [Not Secure] <Jos3enriq> f
[12Jan2025 00:08:34.680] [Server thread/INFO] [net.minecraft.server.MinecraftServer/]: [Not Secure] <Jos3enriq> no xd
[12Jan2025 00:09:04.336] [Server thread/INFO] [net.minecraft.server.MinecraftServer/]: [Not Secure] <Jos3enriq> ta mare Kevin
[12Jan2025 00:09:08.232] [Server thread/INFO] [net.minecraft.server.MinecraftServer/]: [Not Secure] <Jos3enriq> >:b
[12Jan2025 00:09:56.131] [Server thread/INFO] [net.minecraft.server.MinecraftServer/]: [Not Secure] <Jos3enriq> ni modo
[12Jan2025 00:09:59.477] [Server thread/INFO] [net.minecraft.server.MinecraftServer/]: [Not Secure] <Jos3enriq> dejemoslo atras
[12Jan2025 00:10:11.336] [Server thread/INFO] [net.minecraft.server.MinecraftServer/]: [Not Secure] <Jos3enriq> es un sacrificio, que debemos estar dispuestos a aceotar
[12Jan2025 00:10:17.984] [Server thread/INFO] [net.minecraft.server.MinecraftServer/]: [Not Secure] <Jos3enriq> aceptar*
[12Jan2025 00:10:53.102] [Server thread/INFO] [net.minecraft.server.MinecraftServer/]: [Not Secure] <Jos3enriq> maldito kevin
[12Jan2025 00:11:50.348] [Server thread/INFO] [net.minecraft.server.MinecraftServer/]: [Not Secure] <Jos3enriq> es un avion :0
[12Jan2025 00:12:02.775] [Server thread/INFO] [net.minecraft.server.MinecraftServer/]: kevin123j2 burned to death
[12Jan2025 00:12:10.790] [Server thread/INFO] [net.minecraft.server.MinecraftServer/]: [Not Secure] <Jos3enriq> ya fueron sus cosas XDD
[12Jan2025 00:12:25.095] [Server thread/WARN] [net.minecraft.server.network.ServerGamePacketListenerImpl/]: kevin123j2 moved wrongly!
[12Jan2025 00:13:07.563] [Server thread/INFO] [net.minecraft.server.MinecraftServer/]: davisdrt has made the advancement [Hot Stuff]
[12Jan2025 00:13:33.898] [Server thread/INFO] [net.minecraft.server.MinecraftServer/]: [Not Secure] <Jos3enriq> X2
[12Jan2025 00:13:39.737] [Server thread/INFO] [net.minecraft.server.MinecraftServer/]: [Not Secure] <Jos3enriq> xD
[12Jan2025 00:13:49.489] [Server thread/INFO] [net.minecraft.server.MinecraftServer/]: [Not Secure] <Jos3enriq> me voy
[12Jan2025 00:13:53.950] [Server thread/INFO] [net.minecraft.server.MinecraftServer/]: [Not Secure] <Jos3enriq> (a mi casa)
[12Jan2025 00:14:05.483] [Server thread/INFO] [net.minecraft.server.MinecraftServer/]: [Not Secure] <Jos3enriq> me lleva es de noche
[12Jan2025 00:14:17.736] [Server thread/INFO] [net.minecraft.server.MinecraftServer/]: [Not Secure] <Jos3enriq> ya lo quevo :v
[12Jan2025 00:14:47.506] [Server thread/WARN] [net.minecraft.world.level.entity.PersistentEntitySectionManager/]: UUID of added entity already exists: FallingBlockEntity['Falling Gravel'/48882, l='ServerLevel[world]', x=132.50, y=32.00, z=236.50]
[12Jan2025 00:15:08.531] [Server thread/INFO] [net.minecraft.server.MinecraftServer/]: [Not Secure] <Jos3enriq> quema sus cosas noma david
[12Jan2025 00:15:31.402] [Server thread/INFO] [net.minecraft.server.MinecraftServer/]: [Not Secure] <Jos3enriq> XDD
[12Jan2025 00:15:36.543] [Server thread/INFO] [net.minecraft.server.MinecraftServer/]: [Not Secure] <Jos3enriq> O demonio de la tintaaaaaaaaa
[12Jan2025 00:15:54.538] [Server thread/INFO] [net.minecraft.server.MinecraftServer/]: [Not Secure] <Jos3enriq> te ofrecemos este orificiooo
[12Jan2025 00:16:06.526] [Server thread/INFO] [net.minecraft.server.MinecraftServer/]: [Not Secure] <789123> q esta ofrendas sean de tu agrado
[12Jan2025 00:17:13.753] [Server thread/INFO] [net.minecraft.server.MinecraftServer/]: [Not Secure] <Jos3enriq> haber gustavo pegame
[12Jan2025 00:17:32.929] [Server thread/INFO] [net.minecraft.server.MinecraftServer/]: [Not Secure] <Jos3enriq> solo paso una vez xdd
